Change Component Designator: Old Designator=C? New Designator=C1A
Change Component Designator: Old Designator=C? New Designator=C2A
Change Component Designator: Old Designator=C? New Designator=C3A
Change Component Designator: Old Designator=C? New Designator=C4A
Change Component Designator: Old Designator=C? New Designator=C5A
Change Component Designator: Old Designator=C? New Designator=C6A
Change Component Designator: Old Designator=C? New Designator=C7A
Change Component Designator: Old Designator=C? New Designator=C8A
Change Component Designator: Old Designator=C? New Designator=C9A
Change Component Designator: Old Designator=J? New Designator=J1A
Change Component Designator: Old Designator=JH? New Designator=JH1A
Change Component Designator: Old Designator=R? New Designator=R1A
Change Component Designator: Old Designator=R? New Designator=R2A
Change Component Designator: Old Designator=R? New Designator=R3A
Change Component Designator: Old Designator=R? New Designator=R4A
Change Component Designator: Old Designator=SJ? New Designator=SJ1A
Change Component Designator: Old Designator=TP? New Designator=TP1A
Change Component Designator: Old Designator=U? New Designator=U1A
Change Component Designator: Old Designator=U? New Designator=U1A
Change Component Designator: Old Designator=U? New Designator=U1A
Change Component Designator: Old Designator=U? New Designator=U2A
