Change Component Designator: Old Designator=C? New Designator=C1B
Change Component Designator: Old Designator=C? New Designator=C2B
Change Component Designator: Old Designator=C? New Designator=C3B
Change Component Designator: Old Designator=C? New Designator=C4B
Change Component Designator: Old Designator=C? New Designator=C5B
Change Component Designator: Old Designator=C? New Designator=C6B
Change Component Designator: Old Designator=C? New Designator=C7B
Change Component Designator: Old Designator=C? New Designator=C8B
Change Component Designator: Old Designator=J? New Designator=J1B
Change Component Designator: Old Designator=J? New Designator=J2B
Change Component Designator: Old Designator=JH? New Designator=JH1B
Change Component Designator: Old Designator=JH? New Designator=JH2B
Change Component Designator: Old Designator=JH? New Designator=JH3B
Change Component Designator: Old Designator=JH? New Designator=JH4B
Change Component Designator: Old Designator=JH? New Designator=JH5B
Change Component Designator: Old Designator=JH? New Designator=JH6B
Change Component Designator: Old Designator=R? New Designator=R1B
Change Component Designator: Old Designator=R? New Designator=R2B
Change Component Designator: Old Designator=U? New Designator=U1B
Change Component Designator: Old Designator=U? New Designator=U2B
