Change Component Designator: Old Designator=C? New Designator=C1D
Change Component Designator: Old Designator=C? New Designator=C2D
Change Component Designator: Old Designator=C? New Designator=C3D
Change Component Designator: Old Designator=C? New Designator=C4D
Change Component Designator: Old Designator=C? New Designator=C5D
Change Component Designator: Old Designator=C? New Designator=C6D
Change Component Designator: Old Designator=D? New Designator=D1D
Change Component Designator: Old Designator=D? New Designator=D2D
Change Component Designator: Old Designator=D? New Designator=D3D
Change Component Designator: Old Designator=FB? New Designator=FB1D
Change Component Designator: Old Designator=J? New Designator=J1D
Change Component Designator: Old Designator=R? New Designator=R1D
Change Component Designator: Old Designator=R? New Designator=R2D
Change Component Designator: Old Designator=R? New Designator=R3D
Change Component Designator: Old Designator=R? New Designator=R4D
Change Component Designator: Old Designator=R? New Designator=R5D
Change Component Designator: Old Designator=R? New Designator=R6D
Change Component Designator: Old Designator=R? New Designator=R7D
Change Component Designator: Old Designator=TP? New Designator=TP1D
Change Component Designator: Old Designator=U? New Designator=U1D
Change Component Designator: Old Designator=U? New Designator=U2D
