Removed Pin From Net: NetName=GND Pin=U1A-3
Removed Pin From Net: NetName=+3V3 Pin=U1A-6
Removed Pin From Net: NetName=GND Pin=U1A-9
Removed Pin From Net: NetName=+3V3 Pin=U1A-12
Removed Pin From Net: NetName=GND Pin=U1A-15
Removed Pin From Net: NetName=NetR1A_2 Pin=U1A-16
Removed Pin From Net: NetName=CLK_OUT_P Pin=U1A-17
Removed Pin From Net: NetName=CLK_OUT_N Pin=U1A-18
Removed Pin From Net: NetName=+3V3 Pin=U1A-19
Removed Pin From Net: NetName=D0_OUT_P Pin=U1A-20
Removed Pin From Net: NetName=D0_OUT_N Pin=U1A-21
Removed Pin From Net: NetName=GND Pin=U1A-22
Removed Pin From Net: NetName=D1_OUT_P Pin=U1A-23
Removed Pin From Net: NetName=D1_OUT_N Pin=U1A-24
Removed Pin From Net: NetName=+3V3 Pin=U1A-25
Removed Pin From Net: NetName=D2_OUT_P Pin=U1A-26
Removed Pin From Net: NetName=D2_OUT_N Pin=U1A-27
Removed Pin From Net: NetName=GND Pin=U1A-28
Removed Pin From Net: NetName=SCL_OUT Pin=U1A-29
Removed Pin From Net: NetName=SDA_OUT Pin=U1A-30
Removed Pin From Net: NetName=HPD_OUT Pin=U1A-31
Removed Pin From Net: NetName=SRC_SEL1 Pin=U1A-32
Removed Pin From Net: NetName=SRC_SEL2 Pin=U1A-33
Removed Pin From Net: NetName=HDMI_EQ Pin=U1A-34
Removed Pin From Net: NetName=HPD_IN1 Pin=U1A-35
Removed Pin From Net: NetName=SDA_IN1 Pin=U1A-36
Removed Pin From Net: NetName=SCL_IN1 Pin=U1A-37
Removed Pin From Net: NetName=D2_IN1_N Pin=U1A-38
Removed Pin From Net: NetName=D2_IN1_P Pin=U1A-39
Removed Pin From Net: NetName=+3V3 Pin=U1A-40
Removed Pin From Net: NetName=D1_IN1_N Pin=U1A-41
Removed Pin From Net: NetName=D1_IN1_P Pin=U1A-42
Removed Pin From Net: NetName=GND Pin=U1A-43
Removed Pin From Net: NetName=D0_IN1_N Pin=U1A-44
Removed Pin From Net: NetName=D0_IN1_P Pin=U1A-45
Removed Pin From Net: NetName=+3V3 Pin=U1A-46
Removed Pin From Net: NetName=CLK_IN1_N Pin=U1A-47
Removed Pin From Net: NetName=CLK_IN1_P Pin=U1A-48
Removed Pin From Net: NetName=SOURCE Pin=U1A-49
Removed Pin From Net: NetName=HPD_IN2 Pin=U1A-50
Removed Pin From Net: NetName=SDA_IN2 Pin=U1A-51
Removed Pin From Net: NetName=SCL_IN2 Pin=U1A-52
Removed Pin From Net: NetName=D2_IN2_N Pin=U1A-53
Removed Pin From Net: NetName=D2_IN2_P Pin=U1A-54
Removed Pin From Net: NetName=+3V3 Pin=U1A-55
Removed Pin From Net: NetName=D1_IN2_N Pin=U1A-56
Removed Pin From Net: NetName=D1_IN2_P Pin=U1A-57
Removed Pin From Net: NetName=GND Pin=U1A-58
Removed Pin From Net: NetName=D0_IN2_N Pin=U1A-59
Removed Pin From Net: NetName=D0_IN2_P Pin=U1A-60
Removed Pin From Net: NetName=+3V3 Pin=U1A-61
Removed Pin From Net: NetName=CLK_IN2_N Pin=U1A-62
Removed Pin From Net: NetName=CLK_IN2_P Pin=U1A-63
Removed Member From Class: ClassName=U_BASE Member=U1A
Added Component: Designator=JH6B(JUMPER-3PIN-GREEN)
Added Component: Designator=U?(PAG0064A_L)
Add component (AddParameter): Name = "Clock P-P Jitter(Max)(ps)"; Value = "30"; VariantName = "[No Variations]"
Add component (AddParameter): Name = "Code_JEDEC"; Value = ""; VariantName = "[No Variations]"
Add component (AddParameter): Name = "ComponentLink1Description"; Value = "Manufacturer URL"; VariantName = "[No Variations]"
Add component (AddParameter): Name = "ComponentLink1URL"; Value = "http://www.ti.com/"; VariantName = "[No Variations]"
Add component (AddParameter): Name = "ComponentLink2Description"; Value = "Datasheet"; VariantName = "[No Variations]"
Add component (AddParameter): Name = "ComponentLink2URL"; Value = "http://www.ti.com/general/docs/lit/getliterature.tsp?genericPartNumber=TMDS251&fileType=pdf"; VariantName = "[No Variations]"
Add component (AddParameter): Name = "ComponentLink3Description"; Value = "URL Link1"; VariantName = "[No Variations]"
Add component (AddParameter): Name = "ComponentLink3URL"; Value = "SamplesURL:http://www.ti.com/product/tmds251#samples"; VariantName = "[No Variations]"
Add component (AddParameter): Name = "Data P-P Jitter(Max)(ps)"; Value = "90"; VariantName = "[No Variations]"
Add component (AddParameter): Name = "Data Throughput(MB/s)"; Value = ""; VariantName = "[No Variations]"
Add component (AddParameter): Name = "DatasheetVersion"; Value = "SLLS852A"; VariantName = "[No Variations]"
Add component (AddParameter): Name = "Driver (RL)(Ohms)"; Value = ""; VariantName = "[No Variations]"
Add component (AddParameter): Name = "Driver tpd(ns)"; Value = ""; VariantName = "[No Variations]"
Add component (AddParameter): Name = "Eco-Plan"; Value = "Green (RoHS & no Sb/Br)"; VariantName = "[No Variations]"
Add component (AddParameter): Name = "ESD HBM(kV)"; Value = "8"; VariantName = "[No Variations]"
Add component (AddParameter): Name = "ICC(Max)(mA)"; Value = "200"; VariantName = "[No Variations]"
Add component (AddParameter): Name = "Inter-Pair Skew(Max)(ps)"; Value = "65"; VariantName = "[No Variations]"
Add component (AddParameter): Name = "Intra-Pair Skew(Max)(ps)"; Value = "40"; VariantName = "[No Variations]"
Add component (AddParameter): Name = "Manufacturer"; Value = "Texas Instruments"; VariantName = "[No Variations]"
Add component (AddParameter): Name = "Mounting Technology"; Value = "Surface Mount"; VariantName = "[No Variations]"
Add component (AddParameter): Name = "No. of DisplayPort Dual Mode Inputs"; Value = ""; VariantName = "[No Variations]"
Add component (AddParameter): Name = "No. of DisplayPort Dual Mode Outputs"; Value = ""; VariantName = "[No Variations]"
Add component (AddParameter): Name = "No. of TMDS Inputs"; Value = "2"; VariantName = "[No Variations]"
Add component (AddParameter): Name = "No. of TMDS Outputs"; Value = "1"; VariantName = "[No Variations]"
Add component (AddParameter): Name = "Number of Parallel Inputs"; Value = ""; VariantName = "[No Variations]"
Add component (AddParameter): Name = "Number of Parallel Outputs"; Value = ""; VariantName = "[No Variations]"
Add component (AddParameter): Name = "PackageDescription"; Value = "64-Pin Thin Quad Flat Pack 0.5 mm Pitch"; VariantName = "[No Variations]"
Add component (AddParameter): Name = "PackageReference"; Value = "PAG0064A"; VariantName = "[No Variations]"
Add component (AddParameter): Name = "PackageVersion"; Value = ""; VariantName = "[No Variations]"
Add component (AddParameter): Name = "PartNumber"; Value = "TMDS251PAGR"; VariantName = "[No Variations]"
Add component (AddParameter): Name = "PLL Frequency(MHz)"; Value = ""; VariantName = "[No Variations]"
Add component (AddParameter): Name = "Rating"; Value = ""; VariantName = "[No Variations]"
Add component (AddParameter): Name = "Receiver"; Value = ""; VariantName = "[No Variations]"
Add component (AddParameter): Name = "Receiver (Vth)(mV)"; Value = ""; VariantName = "[No Variations]"
Add component (AddParameter): Name = "Receiver tpd(ns)"; Value = ""; VariantName = "[No Variations]"
Add component (AddParameter): Name = "Serial Data Receiver Channels"; Value = ""; VariantName = "[No Variations]"
Add component (AddParameter): Name = "Serial Data Transmitter Channels"; Value = ""; VariantName = "[No Variations]"
Add component (AddParameter): Name = "SubFamily"; Value = "DVI/HDMI Repeater/Switch"; VariantName = "[No Variations]"
Add component (AddParameter): Name = "Supply Voltage(s)(V)"; Value = ""; VariantName = "[No Variations]"
Add component (AddParameter): Name = "TMDS Adaptive Equalization"; Value = ""; VariantName = "[No Variations]"
Add component (AddParameter): Name = "TMDS Input Equalization"; Value = "TRUE"; VariantName = "[No Variations]"
Add component (AddParameter): Name = "TMDS Output De-emphasis"; Value = ""; VariantName = "[No Variations]"
Add component (AddParameter): Name = "Transmitter"; Value = ""; VariantName = "[No Variations]"
Add component (AddParameter): Name = "Type of Line Circuit"; Value = ""; VariantName = "[No Variations]"
Added Component: Designator=U?(PAG0064A_L)
Add component (AddParameter): Name = "Clock P-P Jitter(Max)(ps)"; Value = "30"; VariantName = "[No Variations]"
Add component (AddParameter): Name = "Code_JEDEC"; Value = ""; VariantName = "[No Variations]"
Add component (AddParameter): Name = "ComponentLink1Description"; Value = "Manufacturer URL"; VariantName = "[No Variations]"
Add component (AddParameter): Name = "ComponentLink1URL"; Value = "http://www.ti.com/"; VariantName = "[No Variations]"
Add component (AddParameter): Name = "ComponentLink2Description"; Value = "Datasheet"; VariantName = "[No Variations]"
Add component (AddParameter): Name = "ComponentLink2URL"; Value = "http://www.ti.com/general/docs/lit/getliterature.tsp?genericPartNumber=TMDS251&fileType=pdf"; VariantName = "[No Variations]"
Add component (AddParameter): Name = "ComponentLink3Description"; Value = "URL Link1"; VariantName = "[No Variations]"
Add component (AddParameter): Name = "ComponentLink3URL"; Value = "SamplesURL:http://www.ti.com/product/tmds251#samples"; VariantName = "[No Variations]"
Add component (AddParameter): Name = "Data P-P Jitter(Max)(ps)"; Value = "90"; VariantName = "[No Variations]"
Add component (AddParameter): Name = "Data Throughput(MB/s)"; Value = ""; VariantName = "[No Variations]"
Add component (AddParameter): Name = "DatasheetVersion"; Value = "SLLS852A"; VariantName = "[No Variations]"
Add component (AddParameter): Name = "Driver (RL)(Ohms)"; Value = ""; VariantName = "[No Variations]"
Add component (AddParameter): Name = "Driver tpd(ns)"; Value = ""; VariantName = "[No Variations]"
Add component (AddParameter): Name = "Eco-Plan"; Value = "Green (RoHS & no Sb/Br)"; VariantName = "[No Variations]"
Add component (AddParameter): Name = "ESD HBM(kV)"; Value = "8"; VariantName = "[No Variations]"
Add component (AddParameter): Name = "ICC(Max)(mA)"; Value = "200"; VariantName = "[No Variations]"
Add component (AddParameter): Name = "Inter-Pair Skew(Max)(ps)"; Value = "65"; VariantName = "[No Variations]"
Add component (AddParameter): Name = "Intra-Pair Skew(Max)(ps)"; Value = "40"; VariantName = "[No Variations]"
Add component (AddParameter): Name = "Manufacturer"; Value = "Texas Instruments"; VariantName = "[No Variations]"
Add component (AddParameter): Name = "Mounting Technology"; Value = "Surface Mount"; VariantName = "[No Variations]"
Add component (AddParameter): Name = "No. of DisplayPort Dual Mode Inputs"; Value = ""; VariantName = "[No Variations]"
Add component (AddParameter): Name = "No. of DisplayPort Dual Mode Outputs"; Value = ""; VariantName = "[No Variations]"
Add component (AddParameter): Name = "No. of TMDS Inputs"; Value = "2"; VariantName = "[No Variations]"
Add component (AddParameter): Name = "No. of TMDS Outputs"; Value = "1"; VariantName = "[No Variations]"
Add component (AddParameter): Name = "Number of Parallel Inputs"; Value = ""; VariantName = "[No Variations]"
Add component (AddParameter): Name = "Number of Parallel Outputs"; Value = ""; VariantName = "[No Variations]"
Add component (AddParameter): Name = "PackageDescription"; Value = "64-Pin Thin Quad Flat Pack 0.5 mm Pitch"; VariantName = "[No Variations]"
Add component (AddParameter): Name = "PackageReference"; Value = "PAG0064A"; VariantName = "[No Variations]"
Add component (AddParameter): Name = "PackageVersion"; Value = ""; VariantName = "[No Variations]"
Add component (AddParameter): Name = "PartNumber"; Value = "TMDS251PAGR"; VariantName = "[No Variations]"
Add component (AddParameter): Name = "PLL Frequency(MHz)"; Value = ""; VariantName = "[No Variations]"
Add component (AddParameter): Name = "Rating"; Value = ""; VariantName = "[No Variations]"
Add component (AddParameter): Name = "Receiver"; Value = ""; VariantName = "[No Variations]"
Add component (AddParameter): Name = "Receiver (Vth)(mV)"; Value = ""; VariantName = "[No Variations]"
Add component (AddParameter): Name = "Receiver tpd(ns)"; Value = ""; VariantName = "[No Variations]"
Add component (AddParameter): Name = "Serial Data Receiver Channels"; Value = ""; VariantName = "[No Variations]"
Add component (AddParameter): Name = "Serial Data Transmitter Channels"; Value = ""; VariantName = "[No Variations]"
Add component (AddParameter): Name = "SubFamily"; Value = "DVI/HDMI Repeater/Switch"; VariantName = "[No Variations]"
Add component (AddParameter): Name = "Supply Voltage(s)(V)"; Value = ""; VariantName = "[No Variations]"
Add component (AddParameter): Name = "TMDS Adaptive Equalization"; Value = ""; VariantName = "[No Variations]"
Add component (AddParameter): Name = "TMDS Input Equalization"; Value = "TRUE"; VariantName = "[No Variations]"
Add component (AddParameter): Name = "TMDS Output De-emphasis"; Value = ""; VariantName = "[No Variations]"
Add component (AddParameter): Name = "Transmitter"; Value = ""; VariantName = "[No Variations]"
Add component (AddParameter): Name = "Type of Line Circuit"; Value = ""; VariantName = "[No Variations]"
Added Component: Designator=U?(PAG0064A_L)
Add component (AddParameter): Name = "Clock P-P Jitter(Max)(ps)"; Value = "30"; VariantName = "[No Variations]"
Add component (AddParameter): Name = "Code_JEDEC"; Value = ""; VariantName = "[No Variations]"
Add component (AddParameter): Name = "ComponentLink1Description"; Value = "Manufacturer URL"; VariantName = "[No Variations]"
Add component (AddParameter): Name = "ComponentLink1URL"; Value = "http://www.ti.com/"; VariantName = "[No Variations]"
Add component (AddParameter): Name = "ComponentLink2Description"; Value = "Datasheet"; VariantName = "[No Variations]"
Add component (AddParameter): Name = "ComponentLink2URL"; Value = "http://www.ti.com/general/docs/lit/getliterature.tsp?genericPartNumber=TMDS251&fileType=pdf"; VariantName = "[No Variations]"
Add component (AddParameter): Name = "ComponentLink3Description"; Value = "URL Link1"; VariantName = "[No Variations]"
Add component (AddParameter): Name = "ComponentLink3URL"; Value = "SamplesURL:http://www.ti.com/product/tmds251#samples"; VariantName = "[No Variations]"
Add component (AddParameter): Name = "Data P-P Jitter(Max)(ps)"; Value = "90"; VariantName = "[No Variations]"
Add component (AddParameter): Name = "Data Throughput(MB/s)"; Value = ""; VariantName = "[No Variations]"
Add component (AddParameter): Name = "DatasheetVersion"; Value = "SLLS852A"; VariantName = "[No Variations]"
Add component (AddParameter): Name = "Driver (RL)(Ohms)"; Value = ""; VariantName = "[No Variations]"
Add component (AddParameter): Name = "Driver tpd(ns)"; Value = ""; VariantName = "[No Variations]"
Add component (AddParameter): Name = "Eco-Plan"; Value = "Green (RoHS & no Sb/Br)"; VariantName = "[No Variations]"
Add component (AddParameter): Name = "ESD HBM(kV)"; Value = "8"; VariantName = "[No Variations]"
Add component (AddParameter): Name = "ICC(Max)(mA)"; Value = "200"; VariantName = "[No Variations]"
Add component (AddParameter): Name = "Inter-Pair Skew(Max)(ps)"; Value = "65"; VariantName = "[No Variations]"
Add component (AddParameter): Name = "Intra-Pair Skew(Max)(ps)"; Value = "40"; VariantName = "[No Variations]"
Add component (AddParameter): Name = "Manufacturer"; Value = "Texas Instruments"; VariantName = "[No Variations]"
Add component (AddParameter): Name = "Mounting Technology"; Value = "Surface Mount"; VariantName = "[No Variations]"
Add component (AddParameter): Name = "No. of DisplayPort Dual Mode Inputs"; Value = ""; VariantName = "[No Variations]"
Add component (AddParameter): Name = "No. of DisplayPort Dual Mode Outputs"; Value = ""; VariantName = "[No Variations]"
Add component (AddParameter): Name = "No. of TMDS Inputs"; Value = "2"; VariantName = "[No Variations]"
Add component (AddParameter): Name = "No. of TMDS Outputs"; Value = "1"; VariantName = "[No Variations]"
Add component (AddParameter): Name = "Number of Parallel Inputs"; Value = ""; VariantName = "[No Variations]"
Add component (AddParameter): Name = "Number of Parallel Outputs"; Value = ""; VariantName = "[No Variations]"
Add component (AddParameter): Name = "PackageDescription"; Value = "64-Pin Thin Quad Flat Pack 0.5 mm Pitch"; VariantName = "[No Variations]"
Add component (AddParameter): Name = "PackageReference"; Value = "PAG0064A"; VariantName = "[No Variations]"
Add component (AddParameter): Name = "PackageVersion"; Value = ""; VariantName = "[No Variations]"
Add component (AddParameter): Name = "PartNumber"; Value = "TMDS251PAGR"; VariantName = "[No Variations]"
Add component (AddParameter): Name = "PLL Frequency(MHz)"; Value = ""; VariantName = "[No Variations]"
Add component (AddParameter): Name = "Rating"; Value = ""; VariantName = "[No Variations]"
Add component (AddParameter): Name = "Receiver"; Value = ""; VariantName = "[No Variations]"
Add component (AddParameter): Name = "Receiver (Vth)(mV)"; Value = ""; VariantName = "[No Variations]"
Add component (AddParameter): Name = "Receiver tpd(ns)"; Value = ""; VariantName = "[No Variations]"
Add component (AddParameter): Name = "Serial Data Receiver Channels"; Value = ""; VariantName = "[No Variations]"
Add component (AddParameter): Name = "Serial Data Transmitter Channels"; Value = ""; VariantName = "[No Variations]"
Add component (AddParameter): Name = "SubFamily"; Value = "DVI/HDMI Repeater/Switch"; VariantName = "[No Variations]"
Add component (AddParameter): Name = "Supply Voltage(s)(V)"; Value = ""; VariantName = "[No Variations]"
Add component (AddParameter): Name = "TMDS Adaptive Equalization"; Value = ""; VariantName = "[No Variations]"
Add component (AddParameter): Name = "TMDS Input Equalization"; Value = "TRUE"; VariantName = "[No Variations]"
Add component (AddParameter): Name = "TMDS Output De-emphasis"; Value = ""; VariantName = "[No Variations]"
Add component (AddParameter): Name = "Transmitter"; Value = ""; VariantName = "[No Variations]"
Add component (AddParameter): Name = "Type of Line Circuit"; Value = ""; VariantName = "[No Variations]"
Added Pin To Net: NetName=+3V3 Pin=JH6B-1
Added Pin To Net: NetName=CT_HPD_IN2 Pin=JH6B-2
Added Pin To Net: NetName=GND Pin=JH6B-3
Added Pin To Net: NetName=GND Pin=U?-3
Added Pin To Net: NetName=+3V3 Pin=U?-6
Added Pin To Net: NetName=GND Pin=U?-9
Added Pin To Net: NetName=+3V3 Pin=U?-12
Added Pin To Net: NetName=GND Pin=U?-15
Added Pin To Net: NetName=NetR1A_2 Pin=U?-16
Added Pin To Net: NetName=D2_OUT_P Pin=U?-17
Added Pin To Net: NetName=D2_OUT_N Pin=U?-18
Added Pin To Net: NetName=+3V3 Pin=U?-19
Added Pin To Net: NetName=D1_OUT_P Pin=U?-20
Added Pin To Net: NetName=D1_OUT_N Pin=U?-21
Added Pin To Net: NetName=GND Pin=U?-22
Added Pin To Net: NetName=D0_OUT_P Pin=U?-23
Added Pin To Net: NetName=D0_OUT_N Pin=U?-24
Added Pin To Net: NetName=+3V3 Pin=U?-25
Added Pin To Net: NetName=CLK_OUT_P Pin=U?-26
Added Pin To Net: NetName=CLK_OUT_N Pin=U?-27
Added Pin To Net: NetName=GND Pin=U?-28
Added Pin To Net: NetName=SCL_OUT Pin=U?-29
Added Pin To Net: NetName=SDA_OUT Pin=U?-30
Added Pin To Net: NetName=HPD_OUT Pin=U?-31
Added Pin To Net: NetName=SRC_SEL1 Pin=U?-32
Added Pin To Net: NetName=SRC_SEL2 Pin=U?-33
Added Pin To Net: NetName=HDMI_EQ Pin=U?-34
Added Pin To Net: NetName=HPD_IN1 Pin=U?-35
Added Pin To Net: NetName=SDA_IN1 Pin=U?-36
Added Pin To Net: NetName=SCL_IN1 Pin=U?-37
Added Pin To Net: NetName=CLK_IN1_N Pin=U?-38
Added Pin To Net: NetName=CLK_IN1_P Pin=U?-39
Added Pin To Net: NetName=+3V3 Pin=U?-40
Added Pin To Net: NetName=D0_IN1_N Pin=U?-41
Added Pin To Net: NetName=D0_IN1_P Pin=U?-42
Added Pin To Net: NetName=GND Pin=U?-43
Added Pin To Net: NetName=D1_IN1_N Pin=U?-44
Added Pin To Net: NetName=D1_IN1_P Pin=U?-45
Added Pin To Net: NetName=+3V3 Pin=U?-46
Added Pin To Net: NetName=D2_IN1_N Pin=U?-47
Added Pin To Net: NetName=D2_IN1_P Pin=U?-48
Added Pin To Net: NetName=SOURCE Pin=U?-49
Added Pin To Net: NetName=HPD_IN2 Pin=U?-50
Added Pin To Net: NetName=SDA_IN2 Pin=U?-51
Added Pin To Net: NetName=SCL_IN2 Pin=U?-52
Added Pin To Net: NetName=CLK_IN2_N Pin=U?-53
Added Pin To Net: NetName=CLK_IN2_P Pin=U?-54
Added Pin To Net: NetName=+3V3 Pin=U?-55
Added Pin To Net: NetName=D0_IN2_N Pin=U?-56
Added Pin To Net: NetName=D0_IN2_P Pin=U?-57
Added Pin To Net: NetName=GND Pin=U?-58
Added Pin To Net: NetName=D1_IN2_N Pin=U?-59
Added Pin To Net: NetName=D1_IN2_P Pin=U?-60
Added Pin To Net: NetName=+3V3 Pin=U?-61
Added Pin To Net: NetName=D2_IN2_N Pin=U?-62
Added Pin To Net: NetName=D2_IN2_P Pin=U?-63
Added Member To Class: ClassName=U_HDMI-IN Member=Component JH6B 3PIN-JUMPER-GREEN
Added Member To Class: ClassName=U_BASE Member=Component U? TMDS251PAGR
Added Member To Class: ClassName=U_BASE Member=Component U? TMDS251PAGR
Added Member To Class: ClassName=U_BASE Member=Component U? TMDS251PAGR
